\BOOKMARK [0][-]{dummy.2}{\376\377\000C\000E\000R\000T\000I\000F\000I\000C\000A\000T\000E}{}% 1
\BOOKMARK [0][-]{dummy.4}{\376\377\000B\000O\000N\000A\000F\000I\000D\000E\000\040\000C\000E\000R\000T\000I\000F\000I\000C\000A\000T\000E}{}% 2
\BOOKMARK [0][-]{dummy.6}{\376\377\000I\000N\000D\000U\000S\000T\000R\000Y\000\040\000C\000E\000R\000T\000I\000F\000I\000C\000A\000T\000E}{}% 3
\BOOKMARK [0][-]{dummy.8}{\376\377\000A\000C\000K\000N\000O\000W\000L\000E\000D\000G\000E\000M\000E\000N\000T}{}% 4
\BOOKMARK [0][-]{dummy.9}{\376\377\000D\000E\000C\000L\000A\000R\000A\000T\000I\000O\000N}{}% 5
\BOOKMARK [0][-]{dummy.10}{\376\377\000A\000B\000S\000T\000R\000A\000C\000T}{}% 6
\BOOKMARK [0][-]{dummy.12}{\376\377\000L\000I\000S\000T\000\040\000O\000F\000\040\000F\000I\000G\000U\000R\000E\000S}{}% 7
\BOOKMARK [0][-]{dummy.14}{\376\377\000L\000I\000S\000T\000\040\000O\000F\000\040\000T\000A\000B\000L\000E\000S}{}% 8
\BOOKMARK [0][-]{dummy.16}{\376\377\000G\000L\000O\000S\000S\000A\000R\000Y}{}% 9
\BOOKMARK [0][-]{chapter.17}{\376\377\0001\000\040\000I\000N\000T\000R\000O\000D\000U\000C\000T\000I\000O\000N}{}% 10
\BOOKMARK [1][-]{section.18}{\376\377\0001\000.\0001\000\040\000P\000r\000o\000b\000l\000e\000m\000\040\000F\000o\000r\000m\000u\000l\000a\000t\000i\000o\000n}{chapter.17}% 11
\BOOKMARK [1][-]{section.19}{\376\377\0001\000.\0002\000\040\000P\000r\000o\000b\000l\000e\000m\000\040\000I\000d\000e\000n\000t\000i\000f\000i\000c\000a\000t\000i\000o\000n}{chapter.17}% 12
\BOOKMARK [1][-]{section.20}{\376\377\0001\000.\0003\000\040\000P\000r\000o\000b\000l\000e\000m\000\040\000S\000t\000a\000t\000e\000m\000e\000n\000t\000\040\000\046\000\040\000O\000b\000j\000e\000c\000t\000i\000v\000e\000s}{chapter.17}% 13
\BOOKMARK [1][-]{section.21}{\376\377\0001\000.\0004\000\040\000L\000i\000m\000i\000t\000a\000t\000i\000o\000n\000s}{chapter.17}% 14
\BOOKMARK [0][-]{chapter.22}{\376\377\0002\000\040\000R\000E\000S\000E\000A\000R\000C\000H\000\040\000M\000E\000T\000H\000O\000D\000O\000L\000O\000G\000Y}{}% 15
\BOOKMARK [0][-]{chapter.23}{\376\377\0003\000\040\000L\000I\000T\000E\000R\000A\000T\000U\000R\000E\000\040\000S\000U\000R\000V\000E\000Y\000\040\000A\000N\000D\000\040\000R\000E\000V\000I\000E\000W}{}% 16
\BOOKMARK [1][-]{section.24}{\376\377\0003\000.\0001\000\040\000L\000i\000t\000e\000r\000a\000t\000u\000r\000e\000\040\000C\000o\000l\000l\000e\000c\000t\000i\000o\000n\000\040\000\046\000\040\000S\000e\000g\000r\000e\000g\000a\000t\000i\000o\000n}{chapter.23}% 17
\BOOKMARK [1][-]{section.25}{\376\377\0003\000.\0002\000\040\000C\000r\000i\000t\000i\000c\000a\000l\000\040\000R\000e\000v\000i\000e\000w\000\040\000o\000f\000\040\000L\000i\000t\000e\000r\000a\000t\000u\000r\000e}{chapter.23}% 18
\BOOKMARK [0][-]{chapter.26}{\376\377\0004\000\040\000A\000C\000T\000U\000A\000L\000\040\000W\000O\000R\000K}{}% 19
\BOOKMARK [1][-]{section.27}{\376\377\0004\000.\0001\000\040\000M\000e\000t\000h\000o\000d\000o\000l\000o\000g\000y\000\040\000f\000o\000r\000\040\000t\000h\000e\000\040\000S\000t\000u\000d\000y}{chapter.26}% 20
\BOOKMARK [1][-]{section.28}{\376\377\0004\000.\0002\000\040\000E\000x\000p\000e\000r\000i\000m\000e\000n\000t\000a\000l\000\040\000a\000n\000d\000\040\000o\000r\000\040\000A\000n\000a\000l\000y\000t\000i\000c\000a\000l\000\040\000W\000o\000r\000k\000\040\000C\000o\000m\000p\000l\000e\000t\000e\000d\000\040\000i\000n\000\040\000t\000h\000e\000\040\000P\000r\000o\000j\000e\000c\000t}{chapter.26}% 21
\BOOKMARK [1][-]{section.29}{\376\377\0004\000.\0003\000\040\000M\000o\000d\000e\000l\000i\000n\000g\000,\000\040\000A\000n\000a\000l\000y\000s\000i\000s\000\040\000\046\000\040\000D\000e\000s\000i\000g\000n}{chapter.26}% 22
\BOOKMARK [1][-]{section.30}{\376\377\0004\000.\0004\000\040\000P\000r\000o\000t\000o\000t\000y\000p\000e\000\040\000\046\000\040\000t\000e\000s\000t\000i\000n\000g}{chapter.26}% 23
\BOOKMARK [0][-]{chapter.65}{\376\377\0005\000\040\000R\000E\000S\000U\000L\000T\000S\000,\000\040\000D\000I\000S\000C\000U\000S\000S\000I\000O\000N\000S\000\040\000A\000N\000D\000\040\000C\000O\000N\000C\000L\000U\000S\000I\000O\000N\000S}{}% 24
\BOOKMARK [1][-]{section.66}{\376\377\0005\000.\0001\000\040\000R\000e\000s\000u\000l\000t\000s\000\040\000\046\000\040\000A\000n\000a\000l\000y\000s\000i\000s}{chapter.65}% 25
\BOOKMARK [1][-]{section.67}{\376\377\0005\000.\0002\000\040\000C\000o\000m\000p\000a\000r\000a\000t\000i\000v\000e\000\040\000S\000t\000u\000d\000y}{chapter.65}% 26
\BOOKMARK [1][-]{section.68}{\376\377\0005\000.\0003\000\040\000D\000i\000s\000c\000u\000s\000s\000i\000o\000n\000s}{chapter.65}% 27
\BOOKMARK [1][-]{section.69}{\376\377\0005\000.\0004\000\040\000C\000o\000n\000c\000l\000u\000s\000i\000o\000n\000s}{chapter.65}% 28
\BOOKMARK [1][-]{section.70}{\376\377\0005\000.\0005\000\040\000S\000c\000o\000p\000e\000\040\000f\000o\000r\000\040\000F\000u\000t\000u\000r\000e\000\040\000W\000o\000r\000k}{chapter.65}% 29
\BOOKMARK [0][-]{dummy.71}{\376\377\000B\000I\000B\000L\000I\000O\000G\000R\000A\000P\000H\000Y}{}% 30
\BOOKMARK [0][-]{dummy.73}{\376\377\000P\000U\000B\000L\000I\000C\000A\000T\000I\000O\000N\000\040\000D\000E\000T\000A\000I\000L\000S}{}% 31
\BOOKMARK [0][-]{appendix.74}{\376\377\000A\000\040\000A\000p\000p\000e\000n\000d\000i\000x\000\040\000A\000\040\000T\000i\000t\000l\000e}{}% 32
\BOOKMARK [1][-]{section.75}{\376\377\000A\000.\0001\000\040\000A\000p\000p\000e\000n\000d\000i\000x\000\040\000A\000\040\000S\000e\000c\000t\000i\000o\000n\000\040\0001}{appendix.74}% 33
\BOOKMARK [2][-]{subsection.76}{\376\377\000A\000.\0001\000.\0001\000\040\000A\000p\000p\000e\000n\000d\000i\000x\000\040\000A\000\040\000S\000u\000b\000s\000e\000c\000t\000i\000o\000n\000\040\000f\000o\000r\000\040\000S\000e\000c\000t\000i\000o\000n\000\040\0001}{section.75}% 34
\BOOKMARK [1][-]{section.77}{\376\377\000A\000.\0002\000\040\000A\000p\000p\000e\000n\000d\000i\000x\000\040\000A\000\040\000S\000e\000c\000t\000i\000o\000n\000\040\0002}{appendix.74}% 35
\BOOKMARK [0][-]{appendix.78}{\376\377\000B\000\040\000A\000p\000p\000e\000n\000d\000i\000x\000\040\000B\000\040\000T\000i\000t\000l\000e}{}% 36
\BOOKMARK [1][-]{section.79}{\376\377\000B\000.\0001\000\040\000A\000p\000p\000e\000n\000d\000i\000x\000\040\000B\000\040\000S\000e\000c\000t\000i\000o\000n\000\040\0001}{appendix.78}% 37
\BOOKMARK [1][-]{section.80}{\376\377\000B\000.\0002\000\040\000A\000p\000p\000e\000n\000d\000i\000x\000\040\000B\000\040\000S\000e\000c\000t\000i\000o\000n\000\040\0002}{appendix.78}% 38
\BOOKMARK [1][-]{section.81}{\376\377\000B\000.\0003\000\040\000A\000p\000p\000e\000n\000d\000i\000x\000\040\000B\000\040\000S\000e\000c\000t\000i\000o\000n\000\040\0003}{appendix.78}% 39
\BOOKMARK [0][-]{section*.82}{\376\377\000I\000n\000d\000e\000x}{}% 40
